<?xml version="1.0" encoding="UTF-8" ?>
<testsuite failures="0" time="6.43" errors="0" skipped="0" tests="1" name="TestcaseJava">
  <properties>
    <property name="java.runtime.name" value="OpenJDK Runtime Environment"/>
    <property name="sun.boot.library.path" value="/usr/lib/jvm/java-6-openjdk/jre/lib/i386"/>
    <property name="java.vm.version" value="20.0-b12"/>
    <property name="java.vm.vendor" value="Sun Microsystems Inc."/>
    <property name="java.vendor.url" value="http://java.sun.com/"/>
    <property name="path.separator" value=":"/>
    <property name="java.vm.name" value="OpenJDK Server VM"/>
    <property name="file.encoding.pkg" value="sun.io"/>
    <property name="user.country" value="JP"/>
    <property name="sun.java.launcher" value="SUN_STANDARD"/>
    <property name="sun.os.patch.level" value="unknown"/>
    <property name="java.vm.specification.name" value="Java Virtual Machine Specification"/>
    <property name="user.dir" value="/home/cyubachi/workspace2/SeleniumSample"/>
    <property name="java.runtime.version" value="1.6.0_24-b24"/>
    <property name="java.awt.graphicsenv" value="sun.awt.X11GraphicsEnvironment"/>
    <property name="basedir" value="/home/cyubachi/workspace2/SeleniumSample"/>
    <property name="java.endorsed.dirs" value="/usr/lib/jvm/java-6-openjdk/jre/lib/endorsed"/>
    <property name="os.arch" value="i386"/>
    <property name="surefire.real.class.path" value="/home/cyubachi/workspace2/SeleniumSample/target/surefire/surefirebooter1824806389752306336.jar"/>
    <property name="java.io.tmpdir" value="/tmp"/>
    <property name="line.separator" value="
"/>
    <property name="java.vm.specification.vendor" value="Sun Microsystems Inc."/>
    <property name="os.name" value="Linux"/>
    <property name="sun.jnu.encoding" value="UTF-8"/>
    <property name="java.library.path" value="/usr/lib/jvm/java-6-openjdk/jre/lib/i386/server:/usr/lib/jvm/java-6-openjdk/jre/lib/i386:/usr/lib/jvm/java-6-openjdk/jre/../lib/i386:/usr/lib/jvm/java-6-openjdk/jre/lib/i386/client:/usr/lib/jvm/java-6-openjdk/jre/lib/i386::/usr/java/packages/lib/i386:/usr/lib/jni:/lib:/usr/lib"/>
    <property name="surefire.test.class.path" value="/home/cyubachi/workspace2/SeleniumSample/target/test-classes:/home/cyubachi/workspace2/SeleniumSample/target/classes:/home/cyubachi/.m2/repository/org/seleniumhq/selenium/selenium-java/2.25.0/selenium-java-2.25.0.jar:/home/cyubachi/.m2/repository/org/seleniumhq/selenium/selenium-android-driver/2.25.0/selenium-android-driver-2.25.0.jar:/home/cyubachi/.m2/repository/org/seleniumhq/selenium/selenium-remote-driver/2.25.0/selenium-remote-driver-2.25.0.jar:/home/cyubachi/.m2/repository/cglib/cglib-nodep/2.1_3/cglib-nodep-2.1_3.jar:/home/cyubachi/.m2/repository/org/json/json/20080701/json-20080701.jar:/home/cyubachi/.m2/repository/com/google/guava/guava/12.0/guava-12.0.jar:/home/cyubachi/.m2/repository/com/google/code/findbugs/jsr305/1.3.9/jsr305-1.3.9.jar:/home/cyubachi/.m2/repository/org/seleniumhq/selenium/selenium-chrome-driver/2.25.0/selenium-chrome-driver-2.25.0.jar:/home/cyubachi/.m2/repository/org/seleniumhq/selenium/selenium-htmlunit-driver/2.25.0/selenium-htmlunit-driver-2.25.0.jar:/home/cyubachi/.m2/repository/org/seleniumhq/selenium/selenium-api/2.25.0/selenium-api-2.25.0.jar:/home/cyubachi/.m2/repository/net/sourceforge/htmlunit/htmlunit/2.9/htmlunit-2.9.jar:/home/cyubachi/.m2/repository/xalan/xalan/2.7.1/xalan-2.7.1.jar:/home/cyubachi/.m2/repository/xalan/serializer/2.7.1/serializer-2.7.1.jar:/home/cyubachi/.m2/repository/commons-collections/commons-collections/3.2.1/commons-collections-3.2.1.jar:/home/cyubachi/.m2/repository/commons-lang/commons-lang/2.6/commons-lang-2.6.jar:/home/cyubachi/.m2/repository/org/apache/httpcomponents/httpmime/4.1.2/httpmime-4.1.2.jar:/home/cyubachi/.m2/repository/commons-codec/commons-codec/1.4/commons-codec-1.4.jar:/home/cyubachi/.m2/repository/net/sourceforge/htmlunit/htmlunit-core-js/2.9/htmlunit-core-js-2.9.jar:/home/cyubachi/.m2/repository/xerces/xercesImpl/2.9.1/xercesImpl-2.9.1.jar:/home/cyubachi/.m2/repository/xml-apis/xml-apis/1.3.04/xml-apis-1.3.04.jar:/home/cyubachi/.m2/repository/net/sourceforge/nekohtml/nekohtml/1.9.15/nekohtml-1.9.15.jar:/home/cyubachi/.m2/repository/net/sourceforge/cssparser/cssparser/0.9.5/cssparser-0.9.5.jar:/home/cyubachi/.m2/repository/org/w3c/css/sac/1.3/sac-1.3.jar:/home/cyubachi/.m2/repository/commons-logging/commons-logging/1.1.1/commons-logging-1.1.1.jar:/home/cyubachi/.m2/repository/org/apache/httpcomponents/httpclient/4.1.2/httpclient-4.1.2.jar:/home/cyubachi/.m2/repository/org/apache/httpcomponents/httpcore/4.1.2/httpcore-4.1.2.jar:/home/cyubachi/.m2/repository/org/seleniumhq/selenium/selenium-firefox-driver/2.25.0/selenium-firefox-driver-2.25.0.jar:/home/cyubachi/.m2/repository/commons-io/commons-io/2.0.1/commons-io-2.0.1.jar:/home/cyubachi/.m2/repository/org/apache/commons/commons-exec/1.1/commons-exec-1.1.jar:/home/cyubachi/.m2/repository/org/seleniumhq/selenium/selenium-ie-driver/2.25.0/selenium-ie-driver-2.25.0.jar:/home/cyubachi/.m2/repository/net/java/dev/jna/jna/3.4.0/jna-3.4.0.jar:/home/cyubachi/.m2/repository/net/java/dev/jna/platform/3.4.0/platform-3.4.0.jar:/home/cyubachi/.m2/repository/org/seleniumhq/selenium/selenium-iphone-driver/2.25.0/selenium-iphone-driver-2.25.0.jar:/home/cyubachi/.m2/repository/org/seleniumhq/selenium/selenium-safari-driver/2.25.0/selenium-safari-driver-2.25.0.jar:/home/cyubachi/.m2/repository/org/seleniumhq/selenium/selenium-support/2.25.0/selenium-support-2.25.0.jar:/home/cyubachi/.m2/repository/org/webbitserver/webbit/0.4.6/webbit-0.4.6.jar:/home/cyubachi/.m2/repository/org/jboss/netty/netty/3.2.7.Final/netty-3.2.7.Final.jar:/home/cyubachi/.m2/repository/junit/junit/4.10/junit-4.10.jar:/home/cyubachi/.m2/repository/org/hamcrest/hamcrest-core/1.1/hamcrest-core-1.1.jar:"/>
    <property name="java.specification.name" value="Java Platform API Specification"/>
    <property name="java.class.version" value="50.0"/>
    <property name="sun.management.compiler" value="HotSpot Tiered Compilers"/>
    <property name="os.version" value="3.0.0-24-generic"/>
    <property name="user.home" value="/home/cyubachi"/>
    <property name="user.timezone" value=""/>
    <property name="java.awt.printerjob" value="sun.print.PSPrinterJob"/>
    <property name="file.encoding" value="UTF-8"/>
    <property name="java.specification.version" value="1.6"/>
    <property name="user.name" value="cyubachi"/>
    <property name="java.class.path" value="/home/cyubachi/workspace2/SeleniumSample/target/test-classes:/home/cyubachi/workspace2/SeleniumSample/target/classes:/home/cyubachi/.m2/repository/org/seleniumhq/selenium/selenium-java/2.25.0/selenium-java-2.25.0.jar:/home/cyubachi/.m2/repository/org/seleniumhq/selenium/selenium-android-driver/2.25.0/selenium-android-driver-2.25.0.jar:/home/cyubachi/.m2/repository/org/seleniumhq/selenium/selenium-remote-driver/2.25.0/selenium-remote-driver-2.25.0.jar:/home/cyubachi/.m2/repository/cglib/cglib-nodep/2.1_3/cglib-nodep-2.1_3.jar:/home/cyubachi/.m2/repository/org/json/json/20080701/json-20080701.jar:/home/cyubachi/.m2/repository/com/google/guava/guava/12.0/guava-12.0.jar:/home/cyubachi/.m2/repository/com/google/code/findbugs/jsr305/1.3.9/jsr305-1.3.9.jar:/home/cyubachi/.m2/repository/org/seleniumhq/selenium/selenium-chrome-driver/2.25.0/selenium-chrome-driver-2.25.0.jar:/home/cyubachi/.m2/repository/org/seleniumhq/selenium/selenium-htmlunit-driver/2.25.0/selenium-htmlunit-driver-2.25.0.jar:/home/cyubachi/.m2/repository/org/seleniumhq/selenium/selenium-api/2.25.0/selenium-api-2.25.0.jar:/home/cyubachi/.m2/repository/net/sourceforge/htmlunit/htmlunit/2.9/htmlunit-2.9.jar:/home/cyubachi/.m2/repository/xalan/xalan/2.7.1/xalan-2.7.1.jar:/home/cyubachi/.m2/repository/xalan/serializer/2.7.1/serializer-2.7.1.jar:/home/cyubachi/.m2/repository/commons-collections/commons-collections/3.2.1/commons-collections-3.2.1.jar:/home/cyubachi/.m2/repository/commons-lang/commons-lang/2.6/commons-lang-2.6.jar:/home/cyubachi/.m2/repository/org/apache/httpcomponents/httpmime/4.1.2/httpmime-4.1.2.jar:/home/cyubachi/.m2/repository/commons-codec/commons-codec/1.4/commons-codec-1.4.jar:/home/cyubachi/.m2/repository/net/sourceforge/htmlunit/htmlunit-core-js/2.9/htmlunit-core-js-2.9.jar:/home/cyubachi/.m2/repository/xerces/xercesImpl/2.9.1/xercesImpl-2.9.1.jar:/home/cyubachi/.m2/repository/xml-apis/xml-apis/1.3.04/xml-apis-1.3.04.jar:/home/cyubachi/.m2/repository/net/sourceforge/nekohtml/nekohtml/1.9.15/nekohtml-1.9.15.jar:/home/cyubachi/.m2/repository/net/sourceforge/cssparser/cssparser/0.9.5/cssparser-0.9.5.jar:/home/cyubachi/.m2/repository/org/w3c/css/sac/1.3/sac-1.3.jar:/home/cyubachi/.m2/repository/commons-logging/commons-logging/1.1.1/commons-logging-1.1.1.jar:/home/cyubachi/.m2/repository/org/apache/httpcomponents/httpclient/4.1.2/httpclient-4.1.2.jar:/home/cyubachi/.m2/repository/org/apache/httpcomponents/httpcore/4.1.2/httpcore-4.1.2.jar:/home/cyubachi/.m2/repository/org/seleniumhq/selenium/selenium-firefox-driver/2.25.0/selenium-firefox-driver-2.25.0.jar:/home/cyubachi/.m2/repository/commons-io/commons-io/2.0.1/commons-io-2.0.1.jar:/home/cyubachi/.m2/repository/org/apache/commons/commons-exec/1.1/commons-exec-1.1.jar:/home/cyubachi/.m2/repository/org/seleniumhq/selenium/selenium-ie-driver/2.25.0/selenium-ie-driver-2.25.0.jar:/home/cyubachi/.m2/repository/net/java/dev/jna/jna/3.4.0/jna-3.4.0.jar:/home/cyubachi/.m2/repository/net/java/dev/jna/platform/3.4.0/platform-3.4.0.jar:/home/cyubachi/.m2/repository/org/seleniumhq/selenium/selenium-iphone-driver/2.25.0/selenium-iphone-driver-2.25.0.jar:/home/cyubachi/.m2/repository/org/seleniumhq/selenium/selenium-safari-driver/2.25.0/selenium-safari-driver-2.25.0.jar:/home/cyubachi/.m2/repository/org/seleniumhq/selenium/selenium-support/2.25.0/selenium-support-2.25.0.jar:/home/cyubachi/.m2/repository/org/webbitserver/webbit/0.4.6/webbit-0.4.6.jar:/home/cyubachi/.m2/repository/org/jboss/netty/netty/3.2.7.Final/netty-3.2.7.Final.jar:/home/cyubachi/.m2/repository/junit/junit/4.10/junit-4.10.jar:/home/cyubachi/.m2/repository/org/hamcrest/hamcrest-core/1.1/hamcrest-core-1.1.jar:"/>
    <property name="java.vm.specification.version" value="1.0"/>
    <property name="sun.arch.data.model" value="32"/>
    <property name="java.home" value="/usr/lib/jvm/java-6-openjdk/jre"/>
    <property name="sun.java.command" value="/home/cyubachi/workspace2/SeleniumSample/target/surefire/surefirebooter1824806389752306336.jar /home/cyubachi/workspace2/SeleniumSample/target/surefire/surefire6526867099511039515tmp /home/cyubachi/workspace2/SeleniumSample/target/surefire/surefire1502419748896463789tmp"/>
    <property name="java.specification.vendor" value="Sun Microsystems Inc."/>
    <property name="user.language" value="ja"/>
    <property name="java.vm.info" value="mixed mode"/>
    <property name="java.version" value="1.6.0_24"/>
    <property name="java.ext.dirs" value="/usr/lib/jvm/java-6-openjdk/jre/lib/ext:/usr/java/packages/lib/ext"/>
    <property name="sun.boot.class.path" value="/usr/lib/jvm/java-6-openjdk/jre/lib/resources.jar:/usr/lib/jvm/java-6-openjdk/jre/lib/rt.jar:/usr/lib/jvm/java-6-openjdk/jre/lib/sunrsasign.jar:/usr/lib/jvm/java-6-openjdk/jre/lib/jsse.jar:/usr/lib/jvm/java-6-openjdk/jre/lib/jce.jar:/usr/lib/jvm/java-6-openjdk/jre/lib/charsets.jar:/usr/lib/jvm/java-6-openjdk/jre/lib/netx.jar:/usr/lib/jvm/java-6-openjdk/jre/lib/plugin.jar:/usr/lib/jvm/java-6-openjdk/jre/lib/rhino.jar:/usr/lib/jvm/java-6-openjdk/jre/lib/modules/jdk.boot.jar:/usr/lib/jvm/java-6-openjdk/jre/classes"/>
    <property name="java.vendor" value="Sun Microsystems Inc."/>
    <property name="localRepository" value="/home/cyubachi/.m2/repository"/>
    <property name="file.separator" value="/"/>
    <property name="java.vendor.url.bug" value="http://java.sun.com/cgi-bin/bugreport.cgi"/>
    <property name="sun.cpu.endian" value="little"/>
    <property name="sun.io.unicode.encoding" value="UnicodeLittle"/>
    <property name="sun.desktop" value="gnome"/>
    <property name="sun.cpu.isalist" value=""/>
  </properties>
  <testcase time="6.226" classname="TestcaseJava" name="testCaseJava"/>
</testsuite>